<?xml version="1.0" encoding="UTF-8"?>
<coverage generated="1613130648753" clover="3.2.0">
  <project timestamp="1613130648753" name="All files">
    <metrics statements="219" coveredstatements="217" conditionals="72" coveredconditionals="70" methods="15" coveredmethods="15" elements="306" coveredelements="302" complexity="0" loc="219" ncloc="219" packages="3" files="8" classes="8"/>
    <package name="frontend-project-lvl2">
      <metrics statements="3" coveredstatements="3" conditionals="1" coveredconditionals="1" methods="0" coveredmethods="0"/>
      <file name="index.js" path="/home/user/projects/frontend-project-lvl2/index.js">
        <metrics statements="3" coveredstatements="3" conditionals="1" coveredconditionals="1" methods="0" coveredmethods="0"/>
        <line num="1" count="1" type="cond" truecount="1" falsecount="0"/>
        <line num="2" count="1" type="stmt"/>
        <line num="3" count="1" type="stmt"/>
      </file>
    </package>
    <package name="frontend-project-lvl2.src">
      <metrics statements="90" coveredstatements="89" conditionals="21" coveredconditionals="20" methods="3" coveredmethods="3"/>
      <file name="diffsBuilder.js" path="/home/user/projects/frontend-project-lvl2/src/diffsBuilder.js">
        <metrics statements="52" coveredstatements="52" conditionals="12" coveredconditionals="12" methods="1" coveredmethods="1"/>
        <line num="1" count="1" type="cond" truecount="1" falsecount="0"/>
        <line num="2" count="1" type="stmt"/>
        <line num="3" count="1" type="cond" truecount="1" falsecount="0"/>
        <line num="4" count="60" type="stmt"/>
        <line num="5" count="60" type="stmt"/>
        <line num="6" count="60" type="stmt"/>
        <line num="7" count="60" type="stmt"/>
        <line num="8" count="60" type="stmt"/>
        <line num="9" count="60" type="stmt"/>
        <line num="10" count="60" type="cond" truecount="1" falsecount="0"/>
        <line num="11" count="216" type="stmt"/>
        <line num="12" count="216" type="stmt"/>
        <line num="13" count="216" type="stmt"/>
        <line num="14" count="216" type="cond" truecount="2" falsecount="0"/>
        <line num="15" count="48" type="stmt"/>
        <line num="16" count="48" type="stmt"/>
        <line num="17" count="48" type="stmt"/>
        <line num="18" count="48" type="stmt"/>
        <line num="19" count="48" type="stmt"/>
        <line num="20" count="48" type="cond" truecount="1" falsecount="0"/>
        <line num="21" count="216" type="cond" truecount="1" falsecount="0"/>
        <line num="22" count="60" type="stmt"/>
        <line num="23" count="60" type="stmt"/>
        <line num="24" count="60" type="stmt"/>
        <line num="25" count="60" type="stmt"/>
        <line num="26" count="60" type="stmt"/>
        <line num="27" count="60" type="cond" truecount="1" falsecount="0"/>
        <line num="28" count="216" type="cond" truecount="1" falsecount="0"/>
        <line num="29" count="24" type="stmt"/>
        <line num="30" count="24" type="stmt"/>
        <line num="31" count="24" type="stmt"/>
        <line num="32" count="24" type="stmt"/>
        <line num="33" count="24" type="stmt"/>
        <line num="34" count="24" type="cond" truecount="1" falsecount="0"/>
        <line num="35" count="216" type="cond" truecount="1" falsecount="0"/>
        <line num="36" count="36" type="stmt"/>
        <line num="37" count="36" type="stmt"/>
        <line num="38" count="36" type="stmt"/>
        <line num="39" count="36" type="stmt"/>
        <line num="40" count="36" type="stmt"/>
        <line num="41" count="36" type="cond" truecount="1" falsecount="0"/>
        <line num="42" count="48" type="stmt"/>
        <line num="43" count="48" type="stmt"/>
        <line num="44" count="48" type="stmt"/>
        <line num="45" count="48" type="stmt"/>
        <line num="46" count="48" type="stmt"/>
        <line num="47" count="48" type="stmt"/>
        <line num="48" count="60" type="stmt"/>
        <line num="49" count="60" type="stmt"/>
        <line num="50" count="1" type="stmt"/>
        <line num="51" count="1" type="stmt"/>
        <line num="52" count="1" type="stmt"/>
      </file>
      <file name="gendiff.js" path="/home/user/projects/frontend-project-lvl2/src/gendiff.js">
        <metrics statements="15" coveredstatements="15" conditionals="2" coveredconditionals="2" methods="1" coveredmethods="1"/>
        <line num="1" count="1" type="cond" truecount="1" falsecount="0"/>
        <line num="2" count="1" type="stmt"/>
        <line num="3" count="1" type="stmt"/>
        <line num="4" count="1" type="stmt"/>
        <line num="5" count="1" type="cond" truecount="1" falsecount="0"/>
        <line num="6" count="12" type="stmt"/>
        <line num="7" count="12" type="stmt"/>
        <line num="8" count="12" type="stmt"/>
        <line num="9" count="12" type="stmt"/>
        <line num="10" count="12" type="stmt"/>
        <line num="11" count="12" type="stmt"/>
        <line num="12" count="12" type="stmt"/>
        <line num="13" count="1" type="stmt"/>
        <line num="14" count="1" type="stmt"/>
        <line num="15" count="1" type="stmt"/>
      </file>
      <file name="parsers.js" path="/home/user/projects/frontend-project-lvl2/src/parsers.js">
        <metrics statements="23" coveredstatements="22" conditionals="7" coveredconditionals="6" methods="1" coveredmethods="1"/>
        <line num="1" count="1" type="cond" truecount="1" falsecount="0"/>
        <line num="2" count="1" type="stmt"/>
        <line num="3" count="1" type="stmt"/>
        <line num="4" count="1" type="stmt"/>
        <line num="5" count="1" type="stmt"/>
        <line num="6" count="1" type="cond" truecount="1" falsecount="0"/>
        <line num="7" count="24" type="stmt"/>
        <line num="8" count="24" type="stmt"/>
        <line num="9" count="24" type="stmt"/>
        <line num="10" count="24" type="stmt"/>
        <line num="11" count="24" type="cond" truecount="1" falsecount="0"/>
        <line num="12" count="8" type="stmt"/>
        <line num="13" count="24" type="cond" truecount="1" falsecount="0"/>
        <line num="14" count="24" type="cond" truecount="1" falsecount="0"/>
        <line num="15" count="8" type="stmt"/>
        <line num="16" count="24" type="cond" truecount="1" falsecount="0"/>
        <line num="17" count="8" type="stmt"/>
        <line num="18" count="24" type="cond" truecount="0" falsecount="1"/>
        <line num="19" count="0" type="stmt"/>
        <line num="20" count="24" type="stmt"/>
        <line num="21" count="1" type="stmt"/>
        <line num="22" count="1" type="stmt"/>
        <line num="23" count="1" type="stmt"/>
      </file>
    </package>
    <package name="frontend-project-lvl2.src.formatters">
      <metrics statements="126" coveredstatements="125" conditionals="50" coveredconditionals="49" methods="12" coveredmethods="12"/>
      <file name="index.js" path="/home/user/projects/frontend-project-lvl2/src/formatters/index.js">
        <metrics statements="13" coveredstatements="13" conditionals="2" coveredconditionals="2" methods="1" coveredmethods="1"/>
        <line num="1" count="1" type="cond" truecount="1" falsecount="0"/>
        <line num="2" count="1" type="stmt"/>
        <line num="3" count="1" type="stmt"/>
        <line num="4" count="1" type="stmt"/>
        <line num="5" count="1" type="stmt"/>
        <line num="6" count="1" type="stmt"/>
        <line num="7" count="1" type="stmt"/>
        <line num="8" count="1" type="stmt"/>
        <line num="9" count="1" type="stmt"/>
        <line num="10" count="1" type="stmt"/>
        <line num="11" count="1" type="cond" truecount="1" falsecount="0"/>
        <line num="12" count="1" type="stmt"/>
        <line num="13" count="1" type="stmt"/>
      </file>
      <file name="json-formatter.js" path="/home/user/projects/frontend-project-lvl2/src/formatters/json-formatter.js">
        <metrics statements="3" coveredstatements="3" conditionals="2" coveredconditionals="2" methods="1" coveredmethods="1"/>
        <line num="1" count="1" type="cond" truecount="2" falsecount="0"/>
        <line num="2" count="1" type="stmt"/>
        <line num="3" count="1" type="stmt"/>
      </file>
      <file name="plain-formatter.js" path="/home/user/projects/frontend-project-lvl2/src/formatters/plain-formatter.js">
        <metrics statements="43" coveredstatements="43" conditionals="22" coveredconditionals="22" methods="4" coveredmethods="4"/>
        <line num="1" count="1" type="cond" truecount="2" falsecount="0"/>
        <line num="2" count="39" type="cond" truecount="1" falsecount="0"/>
        <line num="3" count="39" type="cond" truecount="3" falsecount="0"/>
        <line num="4" count="9" type="stmt"/>
        <line num="5" count="9" type="cond" truecount="1" falsecount="0"/>
        <line num="6" count="30" type="stmt"/>
        <line num="7" count="39" type="cond" truecount="1" falsecount="0"/>
        <line num="8" count="21" type="stmt"/>
        <line num="9" count="21" type="cond" truecount="1" falsecount="0"/>
        <line num="10" count="9" type="stmt"/>
        <line num="11" count="1" type="stmt"/>
        <line num="12" count="1" type="stmt"/>
        <line num="13" count="1" type="cond" truecount="1" falsecount="0"/>
        <line num="14" count="12" type="cond" truecount="1" falsecount="0"/>
        <line num="15" count="54" type="stmt"/>
        <line num="16" count="54" type="stmt"/>
        <line num="17" count="54" type="stmt"/>
        <line num="18" count="54" type="stmt"/>
        <line num="19" count="54" type="stmt"/>
        <line num="20" count="54" type="stmt"/>
        <line num="21" count="54" type="cond" truecount="2" falsecount="0"/>
        <line num="22" count="12" type="cond" truecount="1" falsecount="0"/>
        <line num="23" count="12" type="cond" truecount="1" falsecount="0"/>
        <line num="24" count="54" type="cond" truecount="1" falsecount="0"/>
        <line num="25" count="12" type="stmt"/>
        <line num="26" count="12" type="cond" truecount="1" falsecount="0"/>
        <line num="27" count="54" type="cond" truecount="1" falsecount="0"/>
        <line num="28" count="15" type="stmt"/>
        <line num="29" count="15" type="stmt"/>
        <line num="30" count="54" type="cond" truecount="1" falsecount="0"/>
        <line num="31" count="6" type="stmt"/>
        <line num="32" count="6" type="cond" truecount="1" falsecount="0"/>
        <line num="33" count="9" type="stmt"/>
        <line num="34" count="12" type="stmt"/>
        <line num="35" count="12" type="stmt"/>
        <line num="36" count="1" type="stmt"/>
        <line num="37" count="1" type="stmt"/>
        <line num="38" count="1" type="cond" truecount="1" falsecount="0"/>
        <line num="39" count="3" type="cond" truecount="1" falsecount="0"/>
        <line num="40" count="3" type="stmt"/>
        <line num="41" count="1" type="stmt"/>
        <line num="42" count="1" type="stmt"/>
        <line num="43" count="1" type="stmt"/>
      </file>
      <file name="stylish-formatter.js" path="/home/user/projects/frontend-project-lvl2/src/formatters/stylish-formatter.js">
        <metrics statements="67" coveredstatements="66" conditionals="24" coveredconditionals="23" methods="6" coveredmethods="6"/>
        <line num="1" count="1" type="cond" truecount="2" falsecount="0"/>
        <line num="2" count="108" type="cond" truecount="1" falsecount="0"/>
        <line num="3" count="54" type="stmt"/>
        <line num="4" count="54" type="stmt"/>
        <line num="5" count="108" type="cond" truecount="1" falsecount="0"/>
        <line num="6" count="36" type="stmt"/>
        <line num="7" count="36" type="cond" truecount="1" falsecount="0"/>
        <line num="8" count="18" type="stmt"/>
        <line num="9" count="18" type="stmt"/>
        <line num="10" count="18" type="cond" truecount="0" falsecount="1"/>
        <line num="11" count="0" type="stmt"/>
        <line num="12" count="1" type="stmt"/>
        <line num="13" count="1" type="stmt"/>
        <line num="14" count="1" type="cond" truecount="1" falsecount="0"/>
        <line num="15" count="42" type="stmt"/>
        <line num="16" count="42" type="stmt"/>
        <line num="17" count="42" type="stmt"/>
        <line num="18" count="42" type="cond" truecount="1" falsecount="0"/>
        <line num="19" count="54" type="stmt"/>
        <line num="20" count="54" type="cond" truecount="1" falsecount="0"/>
        <line num="21" count="18" type="stmt"/>
        <line num="22" count="18" type="cond" truecount="1" falsecount="0"/>
        <line num="23" count="36" type="stmt"/>
        <line num="24" count="42" type="stmt"/>
        <line num="25" count="42" type="stmt"/>
        <line num="26" count="1" type="stmt"/>
        <line num="27" count="1" type="stmt"/>
        <line num="28" count="1" type="cond" truecount="1" falsecount="0"/>
        <line num="29" count="108" type="stmt"/>
        <line num="30" count="108" type="stmt"/>
        <line num="31" count="108" type="cond" truecount="2" falsecount="0"/>
        <line num="32" count="84" type="stmt"/>
        <line num="33" count="84" type="cond" truecount="1" falsecount="0"/>
        <line num="34" count="24" type="stmt"/>
        <line num="35" count="1" type="stmt"/>
        <line num="36" count="1" type="stmt"/>
        <line num="37" count="1" type="cond" truecount="1" falsecount="0"/>
        <line num="38" count="108" type="stmt"/>
        <line num="39" count="108" type="stmt"/>
        <line num="40" count="108" type="stmt"/>
        <line num="41" count="108" type="stmt"/>
        <line num="42" count="108" type="stmt"/>
        <line num="43" count="108" type="stmt"/>
        <line num="44" count="1" type="stmt"/>
        <line num="45" count="1" type="stmt"/>
        <line num="46" count="1" type="cond" truecount="1" falsecount="0"/>
        <line num="47" count="108" type="stmt"/>
        <line num="48" count="108" type="stmt"/>
        <line num="49" count="108" type="stmt"/>
        <line num="50" count="108" type="stmt"/>
        <line num="51" count="108" type="stmt"/>
        <line num="52" count="108" type="stmt"/>
        <line num="53" count="108" type="cond" truecount="2" falsecount="0"/>
        <line num="54" count="24" type="cond" truecount="1" falsecount="0"/>
        <line num="55" count="24" type="cond" truecount="1" falsecount="0"/>
        <line num="56" count="108" type="cond" truecount="1" falsecount="0"/>
        <line num="57" count="24" type="stmt"/>
        <line num="58" count="24" type="cond" truecount="1" falsecount="0"/>
        <line num="59" count="60" type="stmt"/>
        <line num="60" count="1" type="stmt"/>
        <line num="61" count="1" type="stmt"/>
        <line num="62" count="1" type="cond" truecount="1" falsecount="0"/>
        <line num="63" count="6" type="cond" truecount="1" falsecount="0"/>
        <line num="64" count="6" type="stmt"/>
        <line num="65" count="1" type="stmt"/>
        <line num="66" count="1" type="stmt"/>
        <line num="67" count="1" type="stmt"/>
      </file>
    </package>
  </project>
</coverage>
