{"/home/user/projects/frontend-project-lvl2/index.js": {"path":"/home/user/projects/frontend-project-lvl2/index.js","statementMap":{"0":{"start":{"line":1,"column":0},"end":{"line":1,"column":39}},"1":{"start":{"line":2,"column":0},"end":{"line":2,"column":0}},"2":{"start":{"line":3,"column":0},"end":{"line":3,"column":23}}},"s":{"0":1,"1":1,"2":1},"branchMap":{"0":{"type":"branch","line":1,"loc":{"start":{"line":1,"column":0},"end":{"line":3,"column":23}},"locations":[{"start":{"line":1,"column":0},"end":{"line":3,"column":23}}]}},"b":{"0":[1]},"fnMap":{},"f":{}}
,"/home/user/projects/frontend-project-lvl2/src/diffsBuilder.js": {"path":"/home/user/projects/frontend-project-lvl2/src/diffsBuilder.js","statementMap":{"0":{"start":{"line":1,"column":0},"end":{"line":1,"column":23}},"1":{"start":{"line":2,"column":0},"end":{"line":2,"column":0}},"2":{"start":{"line":3,"column":0},"end":{"line":3,"column":35}},"3":{"start":{"line":4,"column":0},"end":{"line":4,"column":41}},"4":{"start":{"line":5,"column":0},"end":{"line":5,"column":41}},"5":{"start":{"line":6,"column":0},"end":{"line":6,"column":0}},"6":{"start":{"line":7,"column":0},"end":{"line":7,"column":62}},"7":{"start":{"line":8,"column":0},"end":{"line":8,"column":40}},"8":{"start":{"line":9,"column":0},"end":{"line":9,"column":0}},"9":{"start":{"line":10,"column":0},"end":{"line":10,"column":42}},"10":{"start":{"line":11,"column":0},"end":{"line":11,"column":29}},"11":{"start":{"line":12,"column":0},"end":{"line":12,"column":29}},"12":{"start":{"line":13,"column":0},"end":{"line":13,"column":0}},"13":{"start":{"line":14,"column":0},"end":{"line":14,"column":61}},"14":{"start":{"line":15,"column":0},"end":{"line":15,"column":14}},"15":{"start":{"line":16,"column":0},"end":{"line":16,"column":18}},"16":{"start":{"line":17,"column":0},"end":{"line":17,"column":23}},"17":{"start":{"line":18,"column":0},"end":{"line":18,"column":44}},"18":{"start":{"line":19,"column":0},"end":{"line":19,"column":8}},"19":{"start":{"line":20,"column":0},"end":{"line":20,"column":5}},"20":{"start":{"line":21,"column":0},"end":{"line":21,"column":28}},"21":{"start":{"line":22,"column":0},"end":{"line":22,"column":14}},"22":{"start":{"line":23,"column":0},"end":{"line":23,"column":18}},"23":{"start":{"line":24,"column":0},"end":{"line":24,"column":22}},"24":{"start":{"line":25,"column":0},"end":{"line":25,"column":22}},"25":{"start":{"line":26,"column":0},"end":{"line":26,"column":8}},"26":{"start":{"line":27,"column":0},"end":{"line":27,"column":5}},"27":{"start":{"line":28,"column":0},"end":{"line":28,"column":28}},"28":{"start":{"line":29,"column":0},"end":{"line":29,"column":14}},"29":{"start":{"line":30,"column":0},"end":{"line":30,"column":18}},"30":{"start":{"line":31,"column":0},"end":{"line":31,"column":24}},"31":{"start":{"line":32,"column":0},"end":{"line":32,"column":22}},"32":{"start":{"line":33,"column":0},"end":{"line":33,"column":8}},"33":{"start":{"line":34,"column":0},"end":{"line":34,"column":5}},"34":{"start":{"line":35,"column":0},"end":{"line":35,"column":36}},"35":{"start":{"line":36,"column":0},"end":{"line":36,"column":14}},"36":{"start":{"line":37,"column":0},"end":{"line":37,"column":18}},"37":{"start":{"line":38,"column":0},"end":{"line":38,"column":23}},"38":{"start":{"line":39,"column":0},"end":{"line":39,"column":22}},"39":{"start":{"line":40,"column":0},"end":{"line":40,"column":8}},"40":{"start":{"line":41,"column":0},"end":{"line":41,"column":5}},"41":{"start":{"line":42,"column":0},"end":{"line":42,"column":12}},"42":{"start":{"line":43,"column":0},"end":{"line":43,"column":16}},"43":{"start":{"line":44,"column":0},"end":{"line":44,"column":22}},"44":{"start":{"line":45,"column":0},"end":{"line":45,"column":23}},"45":{"start":{"line":46,"column":0},"end":{"line":46,"column":23}},"46":{"start":{"line":47,"column":0},"end":{"line":47,"column":6}},"47":{"start":{"line":48,"column":0},"end":{"line":48,"column":5}},"48":{"start":{"line":49,"column":0},"end":{"line":49,"column":16}},"49":{"start":{"line":50,"column":0},"end":{"line":50,"column":2}},"50":{"start":{"line":51,"column":0},"end":{"line":51,"column":0}},"51":{"start":{"line":52,"column":0},"end":{"line":52,"column":25}}},"s":{"0":1,"1":1,"2":1,"3":60,"4":60,"5":60,"6":60,"7":60,"8":60,"9":60,"10":216,"11":216,"12":216,"13":216,"14":48,"15":48,"16":48,"17":48,"18":48,"19":48,"20":216,"21":60,"22":60,"23":60,"24":60,"25":60,"26":60,"27":216,"28":24,"29":24,"30":24,"31":24,"32":24,"33":24,"34":216,"35":36,"36":36,"37":36,"38":36,"39":36,"40":36,"41":48,"42":48,"43":48,"44":48,"45":48,"46":48,"47":60,"48":60,"49":1,"50":1,"51":1},"branchMap":{"0":{"type":"branch","line":1,"loc":{"start":{"line":1,"column":0},"end":{"line":52,"column":25}},"locations":[{"start":{"line":1,"column":0},"end":{"line":52,"column":25}}]},"1":{"type":"branch","line":3,"loc":{"start":{"line":3,"column":18},"end":{"line":50,"column":1}},"locations":[{"start":{"line":3,"column":18},"end":{"line":50,"column":1}}]},"2":{"type":"branch","line":10,"loc":{"start":{"line":10,"column":32},"end":{"line":48,"column":3}},"locations":[{"start":{"line":10,"column":32},"end":{"line":48,"column":3}}]},"3":{"type":"branch","line":14,"loc":{"start":{"line":14,"column":32},"end":{"line":14,"column":58}},"locations":[{"start":{"line":14,"column":32},"end":{"line":14,"column":58}}]},"4":{"type":"branch","line":14,"loc":{"start":{"line":14,"column":60},"end":{"line":20,"column":5}},"locations":[{"start":{"line":14,"column":60},"end":{"line":20,"column":5}}]},"5":{"type":"branch","line":20,"loc":{"start":{"line":20,"column":5},"end":{"line":21,"column":27}},"locations":[{"start":{"line":20,"column":5},"end":{"line":21,"column":27}}]},"6":{"type":"branch","line":21,"loc":{"start":{"line":21,"column":27},"end":{"line":27,"column":5}},"locations":[{"start":{"line":21,"column":27},"end":{"line":27,"column":5}}]},"7":{"type":"branch","line":27,"loc":{"start":{"line":27,"column":5},"end":{"line":28,"column":27}},"locations":[{"start":{"line":27,"column":5},"end":{"line":28,"column":27}}]},"8":{"type":"branch","line":28,"loc":{"start":{"line":28,"column":27},"end":{"line":34,"column":5}},"locations":[{"start":{"line":28,"column":27},"end":{"line":34,"column":5}}]},"9":{"type":"branch","line":34,"loc":{"start":{"line":34,"column":5},"end":{"line":35,"column":35}},"locations":[{"start":{"line":34,"column":5},"end":{"line":35,"column":35}}]},"10":{"type":"branch","line":35,"loc":{"start":{"line":35,"column":35},"end":{"line":41,"column":5}},"locations":[{"start":{"line":35,"column":35},"end":{"line":41,"column":5}}]},"11":{"type":"branch","line":41,"loc":{"start":{"line":41,"column":5},"end":{"line":48,"column":2}},"locations":[{"start":{"line":41,"column":5},"end":{"line":48,"column":2}}]}},"b":{"0":[1],"1":[60],"2":[216],"3":[72],"4":[48],"5":[168],"6":[60],"7":[108],"8":[24],"9":[84],"10":[36],"11":[48]},"fnMap":{"0":{"name":"buildDiff","decl":{"start":{"line":3,"column":18},"end":{"line":50,"column":1}},"loc":{"start":{"line":3,"column":18},"end":{"line":50,"column":1}},"line":3}},"f":{"0":60}}
,"/home/user/projects/frontend-project-lvl2/src/gendiff.js": {"path":"/home/user/projects/frontend-project-lvl2/src/gendiff.js","statementMap":{"0":{"start":{"line":1,"column":0},"end":{"line":1,"column":33}},"1":{"start":{"line":2,"column":0},"end":{"line":2,"column":49}},"2":{"start":{"line":3,"column":0},"end":{"line":3,"column":42}},"3":{"start":{"line":4,"column":0},"end":{"line":4,"column":0}},"4":{"start":{"line":5,"column":0},"end":{"line":5,"column":59}},"5":{"start":{"line":6,"column":0},"end":{"line":6,"column":37}},"6":{"start":{"line":7,"column":0},"end":{"line":7,"column":37}},"7":{"start":{"line":8,"column":0},"end":{"line":8,"column":0}},"8":{"start":{"line":9,"column":0},"end":{"line":9,"column":55}},"9":{"start":{"line":10,"column":0},"end":{"line":10,"column":0}},"10":{"start":{"line":11,"column":0},"end":{"line":11,"column":55}},"11":{"start":{"line":12,"column":0},"end":{"line":12,"column":23}},"12":{"start":{"line":13,"column":0},"end":{"line":13,"column":2}},"13":{"start":{"line":14,"column":0},"end":{"line":14,"column":0}},"14":{"start":{"line":15,"column":0},"end":{"line":15,"column":23}}},"s":{"0":1,"1":1,"2":1,"3":1,"4":1,"5":12,"6":12,"7":12,"8":12,"9":12,"10":12,"11":12,"12":1,"13":1,"14":1},"branchMap":{"0":{"type":"branch","line":1,"loc":{"start":{"line":1,"column":0},"end":{"line":15,"column":23}},"locations":[{"start":{"line":1,"column":0},"end":{"line":15,"column":23}}]},"1":{"type":"branch","line":5,"loc":{"start":{"line":5,"column":16},"end":{"line":13,"column":1}},"locations":[{"start":{"line":5,"column":16},"end":{"line":13,"column":1}}]}},"b":{"0":[1],"1":[12]},"fnMap":{"0":{"name":"genDiff","decl":{"start":{"line":5,"column":16},"end":{"line":13,"column":1}},"loc":{"start":{"line":5,"column":16},"end":{"line":13,"column":1}},"line":5}},"f":{"0":12}}
,"/home/user/projects/frontend-project-lvl2/src/parsers.js": {"path":"/home/user/projects/frontend-project-lvl2/src/parsers.js","statementMap":{"0":{"start":{"line":1,"column":0},"end":{"line":1,"column":20}},"1":{"start":{"line":2,"column":0},"end":{"line":2,"column":24}},"2":{"start":{"line":3,"column":0},"end":{"line":3,"column":27}},"3":{"start":{"line":4,"column":0},"end":{"line":4,"column":22}},"4":{"start":{"line":5,"column":0},"end":{"line":5,"column":0}},"5":{"start":{"line":6,"column":0},"end":{"line":6,"column":25}},"6":{"start":{"line":7,"column":0},"end":{"line":7,"column":53}},"7":{"start":{"line":8,"column":0},"end":{"line":8,"column":45}},"8":{"start":{"line":9,"column":0},"end":{"line":9,"column":0}},"9":{"start":{"line":10,"column":0},"end":{"line":10,"column":19}},"10":{"start":{"line":11,"column":0},"end":{"line":11,"column":16}},"11":{"start":{"line":12,"column":0},"end":{"line":12,"column":38}},"12":{"start":{"line":13,"column":0},"end":{"line":13,"column":15}},"13":{"start":{"line":14,"column":0},"end":{"line":14,"column":16}},"14":{"start":{"line":15,"column":0},"end":{"line":15,"column":41}},"15":{"start":{"line":16,"column":0},"end":{"line":16,"column":15}},"16":{"start":{"line":17,"column":0},"end":{"line":17,"column":37}},"17":{"start":{"line":18,"column":0},"end":{"line":18,"column":12}},"18":{"start":{"line":19,"column":0},"end":{"line":19,"column":59}},"19":{"start":{"line":20,"column":0},"end":{"line":20,"column":3}},"20":{"start":{"line":21,"column":0},"end":{"line":21,"column":2}},"21":{"start":{"line":22,"column":0},"end":{"line":22,"column":0}},"22":{"start":{"line":23,"column":0},"end":{"line":23,"column":21}}},"s":{"0":1,"1":1,"2":1,"3":1,"4":1,"5":1,"6":24,"7":24,"8":24,"9":24,"10":24,"11":8,"12":24,"13":24,"14":8,"15":24,"16":8,"17":24,"18":0,"19":24,"20":1,"21":1,"22":1},"branchMap":{"0":{"type":"branch","line":1,"loc":{"start":{"line":1,"column":0},"end":{"line":23,"column":21}},"locations":[{"start":{"line":1,"column":0},"end":{"line":23,"column":21}}]},"1":{"type":"branch","line":6,"loc":{"start":{"line":6,"column":14},"end":{"line":21,"column":1}},"locations":[{"start":{"line":6,"column":14},"end":{"line":21,"column":1}}]},"2":{"type":"branch","line":11,"loc":{"start":{"line":11,"column":4},"end":{"line":12,"column":38}},"locations":[{"start":{"line":11,"column":4},"end":{"line":12,"column":38}}]},"3":{"type":"branch","line":13,"loc":{"start":{"line":13,"column":4},"end":{"line":13,"column":15}},"locations":[{"start":{"line":13,"column":4},"end":{"line":13,"column":15}}]},"4":{"type":"branch","line":14,"loc":{"start":{"line":14,"column":4},"end":{"line":15,"column":41}},"locations":[{"start":{"line":14,"column":4},"end":{"line":15,"column":41}}]},"5":{"type":"branch","line":16,"loc":{"start":{"line":16,"column":4},"end":{"line":17,"column":37}},"locations":[{"start":{"line":16,"column":4},"end":{"line":17,"column":37}}]},"6":{"type":"branch","line":18,"loc":{"start":{"line":18,"column":4},"end":{"line":19,"column":59}},"locations":[{"start":{"line":18,"column":4},"end":{"line":19,"column":59}}]}},"b":{"0":[1],"1":[24],"2":[8],"3":[8],"4":[8],"5":[8],"6":[0]},"fnMap":{"0":{"name":"parse","decl":{"start":{"line":6,"column":14},"end":{"line":21,"column":1}},"loc":{"start":{"line":6,"column":14},"end":{"line":21,"column":1}},"line":6}},"f":{"0":24}}
,"/home/user/projects/frontend-project-lvl2/src/formatters/index.js": {"path":"/home/user/projects/frontend-project-lvl2/src/formatters/index.js","statementMap":{"0":{"start":{"line":1,"column":0},"end":{"line":1,"column":45}},"1":{"start":{"line":2,"column":0},"end":{"line":2,"column":41}},"2":{"start":{"line":3,"column":0},"end":{"line":3,"column":39}},"3":{"start":{"line":4,"column":0},"end":{"line":4,"column":0}},"4":{"start":{"line":5,"column":0},"end":{"line":5,"column":20}},"5":{"start":{"line":6,"column":0},"end":{"line":6,"column":10}},"6":{"start":{"line":7,"column":0},"end":{"line":7,"column":8}},"7":{"start":{"line":8,"column":0},"end":{"line":8,"column":7}},"8":{"start":{"line":9,"column":0},"end":{"line":9,"column":2}},"9":{"start":{"line":10,"column":0},"end":{"line":10,"column":0}},"10":{"start":{"line":11,"column":0},"end":{"line":11,"column":74}},"11":{"start":{"line":12,"column":0},"end":{"line":12,"column":0}},"12":{"start":{"line":13,"column":0},"end":{"line":13,"column":28}}},"s":{"0":1,"1":1,"2":1,"3":1,"4":1,"5":1,"6":1,"7":1,"8":1,"9":1,"10":1,"11":1,"12":1},"branchMap":{"0":{"type":"branch","line":1,"loc":{"start":{"line":1,"column":0},"end":{"line":13,"column":28}},"locations":[{"start":{"line":1,"column":0},"end":{"line":13,"column":28}}]},"1":{"type":"branch","line":11,"loc":{"start":{"line":11,"column":21},"end":{"line":11,"column":73}},"locations":[{"start":{"line":11,"column":21},"end":{"line":11,"column":73}}]}},"b":{"0":[1],"1":[12]},"fnMap":{"0":{"name":"getFormatter","decl":{"start":{"line":11,"column":21},"end":{"line":11,"column":73}},"loc":{"start":{"line":11,"column":21},"end":{"line":11,"column":73}},"line":11}},"f":{"0":12}}
,"/home/user/projects/frontend-project-lvl2/src/formatters/json-formatter.js": {"path":"/home/user/projects/frontend-project-lvl2/src/formatters/json-formatter.js","statementMap":{"0":{"start":{"line":1,"column":0},"end":{"line":1,"column":61}},"1":{"start":{"line":2,"column":0},"end":{"line":2,"column":0}},"2":{"start":{"line":3,"column":0},"end":{"line":3,"column":20}}},"s":{"0":1,"1":1,"2":1},"branchMap":{"0":{"type":"branch","line":1,"loc":{"start":{"line":1,"column":0},"end":{"line":3,"column":20}},"locations":[{"start":{"line":1,"column":0},"end":{"line":3,"column":20}}]},"1":{"type":"branch","line":1,"loc":{"start":{"line":1,"column":13},"end":{"line":1,"column":60}},"locations":[{"start":{"line":1,"column":13},"end":{"line":1,"column":60}}]}},"b":{"0":[1],"1":[3]},"fnMap":{"0":{"name":"json","decl":{"start":{"line":1,"column":13},"end":{"line":1,"column":60}},"loc":{"start":{"line":1,"column":13},"end":{"line":1,"column":60}},"line":1}},"f":{"0":3}}
,"/home/user/projects/frontend-project-lvl2/src/formatters/plain-formatter.js": {"path":"/home/user/projects/frontend-project-lvl2/src/formatters/plain-formatter.js","statementMap":{"0":{"start":{"line":1,"column":0},"end":{"line":1,"column":29}},"1":{"start":{"line":2,"column":0},"end":{"line":2,"column":39}},"2":{"start":{"line":3,"column":0},"end":{"line":3,"column":37}},"3":{"start":{"line":4,"column":0},"end":{"line":4,"column":17}},"4":{"start":{"line":5,"column":0},"end":{"line":5,"column":3}},"5":{"start":{"line":6,"column":0},"end":{"line":6,"column":0}},"6":{"start":{"line":7,"column":0},"end":{"line":7,"column":34}},"7":{"start":{"line":8,"column":0},"end":{"line":8,"column":24}},"8":{"start":{"line":9,"column":0},"end":{"line":9,"column":3}},"9":{"start":{"line":10,"column":0},"end":{"line":10,"column":27}},"10":{"start":{"line":11,"column":0},"end":{"line":11,"column":2}},"11":{"start":{"line":12,"column":0},"end":{"line":12,"column":0}},"12":{"start":{"line":13,"column":0},"end":{"line":13,"column":36}},"13":{"start":{"line":14,"column":0},"end":{"line":14,"column":44}},"14":{"start":{"line":15,"column":0},"end":{"line":15,"column":11}},"15":{"start":{"line":16,"column":0},"end":{"line":16,"column":54}},"16":{"start":{"line":17,"column":0},"end":{"line":17,"column":16}},"17":{"start":{"line":18,"column":0},"end":{"line":18,"column":0}},"18":{"start":{"line":19,"column":0},"end":{"line":19,"column":56}},"19":{"start":{"line":20,"column":0},"end":{"line":20,"column":0}},"20":{"start":{"line":21,"column":0},"end":{"line":21,"column":54}},"21":{"start":{"line":22,"column":0},"end":{"line":22,"column":87}},"22":{"start":{"line":23,"column":0},"end":{"line":23,"column":5}},"23":{"start":{"line":24,"column":0},"end":{"line":24,"column":29}},"24":{"start":{"line":25,"column":0},"end":{"line":25,"column":92}},"25":{"start":{"line":26,"column":0},"end":{"line":26,"column":5}},"26":{"start":{"line":27,"column":0},"end":{"line":27,"column":27}},"27":{"start":{"line":28,"column":0},"end":{"line":28,"column":68}},"28":{"start":{"line":29,"column":0},"end":{"line":29,"column":5}},"29":{"start":{"line":30,"column":0},"end":{"line":30,"column":29}},"30":{"start":{"line":31,"column":0},"end":{"line":31,"column":39}},"31":{"start":{"line":32,"column":0},"end":{"line":32,"column":5}},"32":{"start":{"line":33,"column":0},"end":{"line":33,"column":14}},"33":{"start":{"line":34,"column":0},"end":{"line":34,"column":4}},"34":{"start":{"line":35,"column":0},"end":{"line":35,"column":34}},"35":{"start":{"line":36,"column":0},"end":{"line":36,"column":2}},"36":{"start":{"line":37,"column":0},"end":{"line":37,"column":0}},"37":{"start":{"line":38,"column":0},"end":{"line":38,"column":29}},"38":{"start":{"line":39,"column":0},"end":{"line":39,"column":68}},"39":{"start":{"line":40,"column":0},"end":{"line":40,"column":40}},"40":{"start":{"line":41,"column":0},"end":{"line":41,"column":2}},"41":{"start":{"line":42,"column":0},"end":{"line":42,"column":0}},"42":{"start":{"line":43,"column":0},"end":{"line":43,"column":21}}},"s":{"0":1,"1":39,"2":39,"3":9,"4":9,"5":30,"6":39,"7":21,"8":21,"9":9,"10":1,"11":1,"12":1,"13":12,"14":54,"15":54,"16":54,"17":54,"18":54,"19":54,"20":54,"21":12,"22":12,"23":54,"24":12,"25":12,"26":54,"27":15,"28":15,"29":54,"30":6,"31":6,"32":9,"33":12,"34":12,"35":1,"36":1,"37":1,"38":3,"39":3,"40":1,"41":1,"42":1},"branchMap":{"0":{"type":"branch","line":1,"loc":{"start":{"line":1,"column":0},"end":{"line":43,"column":21}},"locations":[{"start":{"line":1,"column":0},"end":{"line":43,"column":21}}]},"1":{"type":"branch","line":1,"loc":{"start":{"line":1,"column":17},"end":{"line":11,"column":1}},"locations":[{"start":{"line":1,"column":17},"end":{"line":11,"column":1}}]},"2":{"type":"branch","line":2,"loc":{"start":{"line":2,"column":22},"end":{"line":2,"column":39}},"locations":[{"start":{"line":2,"column":22},"end":{"line":2,"column":39}}]},"3":{"type":"branch","line":3,"loc":{"start":{"line":3,"column":2},"end":{"line":3,"column":19}},"locations":[{"start":{"line":3,"column":2},"end":{"line":3,"column":19}}]},"4":{"type":"branch","line":3,"loc":{"start":{"line":3,"column":20},"end":{"line":3,"column":34}},"locations":[{"start":{"line":3,"column":20},"end":{"line":3,"column":34}}]},"5":{"type":"branch","line":3,"loc":{"start":{"line":3,"column":36},"end":{"line":5,"column":3}},"locations":[{"start":{"line":3,"column":36},"end":{"line":5,"column":3}}]},"6":{"type":"branch","line":5,"loc":{"start":{"line":5,"column":3},"end":{"line":7,"column":33}},"locations":[{"start":{"line":5,"column":3},"end":{"line":7,"column":33}}]},"7":{"type":"branch","line":7,"loc":{"start":{"line":7,"column":33},"end":{"line":9,"column":3}},"locations":[{"start":{"line":7,"column":33},"end":{"line":9,"column":3}}]},"8":{"type":"branch","line":9,"loc":{"start":{"line":9,"column":3},"end":{"line":11,"column":0}},"locations":[{"start":{"line":9,"column":3},"end":{"line":11,"column":0}}]},"9":{"type":"branch","line":13,"loc":{"start":{"line":13,"column":15},"end":{"line":36,"column":1}},"locations":[{"start":{"line":13,"column":15},"end":{"line":36,"column":1}}]},"10":{"type":"branch","line":14,"loc":{"start":{"line":14,"column":15},"end":{"line":34,"column":3}},"locations":[{"start":{"line":14,"column":15},"end":{"line":34,"column":3}}]},"11":{"type":"branch","line":21,"loc":{"start":{"line":21,"column":26},"end":{"line":21,"column":51}},"locations":[{"start":{"line":21,"column":26},"end":{"line":21,"column":51}}]},"12":{"type":"branch","line":21,"loc":{"start":{"line":21,"column":53},"end":{"line":23,"column":5}},"locations":[{"start":{"line":21,"column":53},"end":{"line":23,"column":5}}]},"13":{"type":"branch","line":23,"loc":{"start":{"line":23,"column":5},"end":{"line":24,"column":28}},"locations":[{"start":{"line":23,"column":5},"end":{"line":24,"column":28}}]},"14":{"type":"branch","line":24,"loc":{"start":{"line":24,"column":28},"end":{"line":26,"column":5}},"locations":[{"start":{"line":24,"column":28},"end":{"line":26,"column":5}}]},"15":{"type":"branch","line":26,"loc":{"start":{"line":26,"column":5},"end":{"line":27,"column":26}},"locations":[{"start":{"line":26,"column":5},"end":{"line":27,"column":26}}]},"16":{"type":"branch","line":27,"loc":{"start":{"line":27,"column":26},"end":{"line":30,"column":28}},"locations":[{"start":{"line":27,"column":26},"end":{"line":30,"column":28}}]},"17":{"type":"branch","line":30,"loc":{"start":{"line":30,"column":28},"end":{"line":32,"column":5}},"locations":[{"start":{"line":30,"column":28},"end":{"line":32,"column":5}}]},"18":{"type":"branch","line":32,"loc":{"start":{"line":32,"column":5},"end":{"line":34,"column":2}},"locations":[{"start":{"line":32,"column":5},"end":{"line":34,"column":2}}]},"19":{"type":"branch","line":22,"loc":{"start":{"line":22,"column":26},"end":{"line":22,"column":76}},"locations":[{"start":{"line":22,"column":26},"end":{"line":22,"column":76}}]},"20":{"type":"branch","line":38,"loc":{"start":{"line":38,"column":14},"end":{"line":41,"column":1}},"locations":[{"start":{"line":38,"column":14},"end":{"line":41,"column":1}}]},"21":{"type":"branch","line":39,"loc":{"start":{"line":39,"column":38},"end":{"line":39,"column":66}},"locations":[{"start":{"line":39,"column":38},"end":{"line":39,"column":66}}]}},"b":{"0":[1],"1":[39],"2":[36],"3":[33],"4":[30],"5":[9],"6":[30],"7":[21],"8":[9],"9":[12],"10":[54],"11":[21],"12":[12],"13":[42],"14":[12],"15":[30],"16":[15],"17":[6],"18":[9],"19":[42],"20":[3],"21":[12]},"fnMap":{"0":{"name":"getValue","decl":{"start":{"line":1,"column":17},"end":{"line":11,"column":1}},"loc":{"start":{"line":1,"column":17},"end":{"line":11,"column":1}},"line":1},"1":{"name":"render","decl":{"start":{"line":13,"column":15},"end":{"line":36,"column":1}},"loc":{"start":{"line":13,"column":15},"end":{"line":36,"column":1}},"line":13},"2":{"name":"iter","decl":{"start":{"line":14,"column":15},"end":{"line":34,"column":3}},"loc":{"start":{"line":14,"column":15},"end":{"line":34,"column":3}},"line":14},"3":{"name":"plain","decl":{"start":{"line":38,"column":14},"end":{"line":41,"column":1}},"loc":{"start":{"line":38,"column":14},"end":{"line":41,"column":1}},"line":38}},"f":{"0":39,"1":12,"2":54,"3":3}}
,"/home/user/projects/frontend-project-lvl2/src/formatters/stylish-formatter.js": {"path":"/home/user/projects/frontend-project-lvl2/src/formatters/stylish-formatter.js","statementMap":{"0":{"start":{"line":1,"column":0},"end":{"line":1,"column":31}},"1":{"start":{"line":2,"column":0},"end":{"line":2,"column":25}},"2":{"start":{"line":3,"column":0},"end":{"line":3,"column":15}},"3":{"start":{"line":4,"column":0},"end":{"line":4,"column":3}},"4":{"start":{"line":5,"column":0},"end":{"line":5,"column":27}},"5":{"start":{"line":6,"column":0},"end":{"line":6,"column":15}},"6":{"start":{"line":7,"column":0},"end":{"line":7,"column":3}},"7":{"start":{"line":8,"column":0},"end":{"line":8,"column":26}},"8":{"start":{"line":9,"column":0},"end":{"line":9,"column":15}},"9":{"start":{"line":10,"column":0},"end":{"line":10,"column":3}},"10":{"start":{"line":11,"column":0},"end":{"line":11,"column":49}},"11":{"start":{"line":12,"column":0},"end":{"line":12,"column":2}},"12":{"start":{"line":13,"column":0},"end":{"line":13,"column":0}},"13":{"start":{"line":14,"column":0},"end":{"line":14,"column":31}},"14":{"start":{"line":15,"column":0},"end":{"line":15,"column":35}},"15":{"start":{"line":16,"column":0},"end":{"line":16,"column":32}},"16":{"start":{"line":17,"column":0},"end":{"line":17,"column":0}},"17":{"start":{"line":18,"column":0},"end":{"line":18,"column":33}},"18":{"start":{"line":19,"column":0},"end":{"line":19,"column":27}},"19":{"start":{"line":20,"column":0},"end":{"line":20,"column":36}},"20":{"start":{"line":21,"column":0},"end":{"line":21,"column":74}},"21":{"start":{"line":22,"column":0},"end":{"line":22,"column":5}},"22":{"start":{"line":23,"column":0},"end":{"line":23,"column":39}},"23":{"start":{"line":24,"column":0},"end":{"line":24,"column":5}},"24":{"start":{"line":25,"column":0},"end":{"line":25,"column":24}},"25":{"start":{"line":26,"column":0},"end":{"line":26,"column":2}},"26":{"start":{"line":27,"column":0},"end":{"line":27,"column":0}},"27":{"start":{"line":28,"column":0},"end":{"line":28,"column":36}},"28":{"start":{"line":29,"column":0},"end":{"line":29,"column":41}},"29":{"start":{"line":30,"column":0},"end":{"line":30,"column":0}},"30":{"start":{"line":31,"column":0},"end":{"line":31,"column":48}},"31":{"start":{"line":32,"column":0},"end":{"line":32,"column":15}},"32":{"start":{"line":33,"column":0},"end":{"line":33,"column":3}},"33":{"start":{"line":34,"column":0},"end":{"line":34,"column":53}},"34":{"start":{"line":35,"column":0},"end":{"line":35,"column":2}},"35":{"start":{"line":36,"column":0},"end":{"line":36,"column":0}},"36":{"start":{"line":37,"column":0},"end":{"line":37,"column":59}},"37":{"start":{"line":38,"column":0},"end":{"line":38,"column":31}},"38":{"start":{"line":39,"column":0},"end":{"line":39,"column":37}},"39":{"start":{"line":40,"column":0},"end":{"line":40,"column":50}},"40":{"start":{"line":41,"column":0},"end":{"line":41,"column":44}},"41":{"start":{"line":42,"column":0},"end":{"line":42,"column":0}},"42":{"start":{"line":43,"column":0},"end":{"line":43,"column":34}},"43":{"start":{"line":44,"column":0},"end":{"line":44,"column":2}},"44":{"start":{"line":45,"column":0},"end":{"line":45,"column":0}},"45":{"start":{"line":46,"column":0},"end":{"line":46,"column":50}},"46":{"start":{"line":47,"column":0},"end":{"line":47,"column":9}},"47":{"start":{"line":48,"column":0},"end":{"line":48,"column":52}},"48":{"start":{"line":49,"column":0},"end":{"line":49,"column":14}},"49":{"start":{"line":50,"column":0},"end":{"line":50,"column":0}},"50":{"start":{"line":51,"column":0},"end":{"line":51,"column":41}},"51":{"start":{"line":52,"column":0},"end":{"line":52,"column":0}},"52":{"start":{"line":53,"column":0},"end":{"line":53,"column":52}},"53":{"start":{"line":54,"column":0},"end":{"line":54,"column":130}},"54":{"start":{"line":55,"column":0},"end":{"line":55,"column":3}},"55":{"start":{"line":56,"column":0},"end":{"line":56,"column":27}},"56":{"start":{"line":57,"column":0},"end":{"line":57,"column":124}},"57":{"start":{"line":58,"column":0},"end":{"line":58,"column":3}},"58":{"start":{"line":59,"column":0},"end":{"line":59,"column":55}},"59":{"start":{"line":60,"column":0},"end":{"line":60,"column":2}},"60":{"start":{"line":61,"column":0},"end":{"line":61,"column":0}},"61":{"start":{"line":62,"column":0},"end":{"line":62,"column":31}},"62":{"start":{"line":63,"column":0},"end":{"line":63,"column":82}},"63":{"start":{"line":64,"column":0},"end":{"line":64,"column":42}},"64":{"start":{"line":65,"column":0},"end":{"line":65,"column":2}},"65":{"start":{"line":66,"column":0},"end":{"line":66,"column":0}},"66":{"start":{"line":67,"column":0},"end":{"line":67,"column":23}}},"s":{"0":1,"1":108,"2":54,"3":54,"4":108,"5":36,"6":36,"7":18,"8":18,"9":18,"10":0,"11":1,"12":1,"13":1,"14":42,"15":42,"16":42,"17":42,"18":54,"19":54,"20":18,"21":18,"22":36,"23":42,"24":42,"25":1,"26":1,"27":1,"28":108,"29":108,"30":108,"31":84,"32":84,"33":24,"34":1,"35":1,"36":1,"37":108,"38":108,"39":108,"40":108,"41":108,"42":108,"43":1,"44":1,"45":1,"46":108,"47":108,"48":108,"49":108,"50":108,"51":108,"52":108,"53":24,"54":24,"55":108,"56":24,"57":24,"58":60,"59":1,"60":1,"61":1,"62":6,"63":6,"64":1,"65":1,"66":1},"branchMap":{"0":{"type":"branch","line":1,"loc":{"start":{"line":1,"column":0},"end":{"line":67,"column":23}},"locations":[{"start":{"line":1,"column":0},"end":{"line":67,"column":23}}]},"1":{"type":"branch","line":1,"loc":{"start":{"line":1,"column":20},"end":{"line":12,"column":1}},"locations":[{"start":{"line":1,"column":20},"end":{"line":12,"column":1}}]},"2":{"type":"branch","line":2,"loc":{"start":{"line":2,"column":24},"end":{"line":5,"column":26}},"locations":[{"start":{"line":2,"column":24},"end":{"line":5,"column":26}}]},"3":{"type":"branch","line":5,"loc":{"start":{"line":5,"column":26},"end":{"line":7,"column":3}},"locations":[{"start":{"line":5,"column":26},"end":{"line":7,"column":3}}]},"4":{"type":"branch","line":7,"loc":{"start":{"line":7,"column":3},"end":{"line":10,"column":3}},"locations":[{"start":{"line":7,"column":3},"end":{"line":10,"column":3}}]},"5":{"type":"branch","line":10,"loc":{"start":{"line":10,"column":3},"end":{"line":12,"column":0}},"locations":[{"start":{"line":10,"column":3},"end":{"line":12,"column":0}}]},"6":{"type":"branch","line":14,"loc":{"start":{"line":14,"column":18},"end":{"line":26,"column":1}},"locations":[{"start":{"line":14,"column":18},"end":{"line":26,"column":1}}]},"7":{"type":"branch","line":18,"loc":{"start":{"line":18,"column":23},"end":{"line":24,"column":3}},"locations":[{"start":{"line":18,"column":23},"end":{"line":24,"column":3}}]},"8":{"type":"branch","line":20,"loc":{"start":{"line":20,"column":35},"end":{"line":22,"column":5}},"locations":[{"start":{"line":20,"column":35},"end":{"line":22,"column":5}}]},"9":{"type":"branch","line":22,"loc":{"start":{"line":22,"column":5},"end":{"line":24,"column":2}},"locations":[{"start":{"line":22,"column":5},"end":{"line":24,"column":2}}]},"10":{"type":"branch","line":28,"loc":{"start":{"line":28,"column":23},"end":{"line":35,"column":1}},"locations":[{"start":{"line":28,"column":23},"end":{"line":35,"column":1}}]},"11":{"type":"branch","line":31,"loc":{"start":{"line":31,"column":30},"end":{"line":31,"column":45}},"locations":[{"start":{"line":31,"column":30},"end":{"line":31,"column":45}}]},"12":{"type":"branch","line":31,"loc":{"start":{"line":31,"column":47},"end":{"line":33,"column":3}},"locations":[{"start":{"line":31,"column":47},"end":{"line":33,"column":3}}]},"13":{"type":"branch","line":33,"loc":{"start":{"line":33,"column":3},"end":{"line":35,"column":0}},"locations":[{"start":{"line":33,"column":3},"end":{"line":35,"column":0}}]},"14":{"type":"branch","line":37,"loc":{"start":{"line":37,"column":32},"end":{"line":44,"column":1}},"locations":[{"start":{"line":37,"column":32},"end":{"line":44,"column":1}}]},"15":{"type":"branch","line":46,"loc":{"start":{"line":46,"column":29},"end":{"line":60,"column":1}},"locations":[{"start":{"line":46,"column":29},"end":{"line":60,"column":1}}]},"16":{"type":"branch","line":53,"loc":{"start":{"line":53,"column":24},"end":{"line":53,"column":49}},"locations":[{"start":{"line":53,"column":24},"end":{"line":53,"column":49}}]},"17":{"type":"branch","line":53,"loc":{"start":{"line":53,"column":51},"end":{"line":55,"column":3}},"locations":[{"start":{"line":53,"column":51},"end":{"line":55,"column":3}}]},"18":{"type":"branch","line":55,"loc":{"start":{"line":55,"column":3},"end":{"line":56,"column":26}},"locations":[{"start":{"line":55,"column":3},"end":{"line":56,"column":26}}]},"19":{"type":"branch","line":56,"loc":{"start":{"line":56,"column":26},"end":{"line":58,"column":3}},"locations":[{"start":{"line":56,"column":26},"end":{"line":58,"column":3}}]},"20":{"type":"branch","line":58,"loc":{"start":{"line":58,"column":3},"end":{"line":60,"column":0}},"locations":[{"start":{"line":58,"column":3},"end":{"line":60,"column":0}}]},"21":{"type":"branch","line":54,"loc":{"start":{"line":54,"column":54},"end":{"line":54,"column":99}},"locations":[{"start":{"line":54,"column":54},"end":{"line":54,"column":99}}]},"22":{"type":"branch","line":62,"loc":{"start":{"line":62,"column":16},"end":{"line":65,"column":1}},"locations":[{"start":{"line":62,"column":16},"end":{"line":65,"column":1}}]},"23":{"type":"branch","line":63,"loc":{"start":{"line":63,"column":38},"end":{"line":63,"column":80}},"locations":[{"start":{"line":63,"column":38},"end":{"line":63,"column":80}}]}},"b":{"0":[1],"1":[108],"2":[54],"3":[36],"4":[18],"5":[0],"6":[42],"7":[54],"8":[18],"9":[36],"10":[108],"11":[30],"12":[84],"13":[24],"14":[108],"15":[108],"16":[42],"17":[24],"18":[84],"19":[24],"20":[60],"21":[84],"22":[6],"23":[24]},"fnMap":{"0":{"name":"getOperator","decl":{"start":{"line":1,"column":20},"end":{"line":12,"column":1}},"loc":{"start":{"line":1,"column":20},"end":{"line":12,"column":1}},"line":1},"1":{"name":"stringify","decl":{"start":{"line":14,"column":18},"end":{"line":26,"column":1}},"loc":{"start":{"line":14,"column":18},"end":{"line":26,"column":1}},"line":14},"2":{"name":"stringifyValue","decl":{"start":{"line":28,"column":23},"end":{"line":35,"column":1}},"loc":{"start":{"line":28,"column":23},"end":{"line":35,"column":1}},"line":28},"3":{"name":"singleValueFormattedStr","decl":{"start":{"line":37,"column":32},"end":{"line":44,"column":1}},"loc":{"start":{"line":37,"column":32},"end":{"line":44,"column":1}},"line":37},"4":{"name":"stylishSingleKeyDiff","decl":{"start":{"line":46,"column":29},"end":{"line":60,"column":1}},"loc":{"start":{"line":46,"column":29},"end":{"line":60,"column":1}},"line":46},"5":{"name":"stylish","decl":{"start":{"line":62,"column":16},"end":{"line":65,"column":1}},"loc":{"start":{"line":62,"column":16},"end":{"line":65,"column":1}},"line":62}},"f":{"0":108,"1":42,"2":108,"3":108,"4":108,"5":6}}
}
