TN:
SF:index.js
FNF:0
FNH:0
DA:1,1
DA:2,1
DA:3,1
LF:3
LH:3
BRDA:1,0,0,1
BRF:1
BRH:1
end_of_record
TN:
SF:src/diffsBuilder.js
FN:3,buildDiff
FNF:1
FNH:1
FNDA:60,buildDiff
DA:1,1
DA:2,1
DA:3,1
DA:4,60
DA:5,60
DA:6,60
DA:7,60
DA:8,60
DA:9,60
DA:10,60
DA:11,216
DA:12,216
DA:13,216
DA:14,216
DA:15,48
DA:16,48
DA:17,48
DA:18,48
DA:19,48
DA:20,48
DA:21,216
DA:22,60
DA:23,60
DA:24,60
DA:25,60
DA:26,60
DA:27,60
DA:28,216
DA:29,24
DA:30,24
DA:31,24
DA:32,24
DA:33,24
DA:34,24
DA:35,216
DA:36,36
DA:37,36
DA:38,36
DA:39,36
DA:40,36
DA:41,36
DA:42,48
DA:43,48
DA:44,48
DA:45,48
DA:46,48
DA:47,48
DA:48,60
DA:49,60
DA:50,1
DA:51,1
DA:52,1
LF:52
LH:52
BRDA:1,0,0,1
BRDA:3,1,0,60
BRDA:10,2,0,216
BRDA:14,3,0,72
BRDA:14,4,0,48
BRDA:20,5,0,168
BRDA:21,6,0,60
BRDA:27,7,0,108
BRDA:28,8,0,24
BRDA:34,9,0,84
BRDA:35,10,0,36
BRDA:41,11,0,48
BRF:12
BRH:12
end_of_record
TN:
SF:src/gendiff.js
FN:5,genDiff
FNF:1
FNH:1
FNDA:12,genDiff
DA:1,1
DA:2,1
DA:3,1
DA:4,1
DA:5,1
DA:6,12
DA:7,12
DA:8,12
DA:9,12
DA:10,12
DA:11,12
DA:12,12
DA:13,1
DA:14,1
DA:15,1
LF:15
LH:15
BRDA:1,0,0,1
BRDA:5,1,0,12
BRF:2
BRH:2
end_of_record
TN:
SF:src/parsers.js
FN:6,parse
FNF:1
FNH:1
FNDA:24,parse
DA:1,1
DA:2,1
DA:3,1
DA:4,1
DA:5,1
DA:6,1
DA:7,24
DA:8,24
DA:9,24
DA:10,24
DA:11,24
DA:12,8
DA:13,24
DA:14,24
DA:15,8
DA:16,24
DA:17,8
DA:18,24
DA:19,0
DA:20,24
DA:21,1
DA:22,1
DA:23,1
LF:23
LH:22
BRDA:1,0,0,1
BRDA:6,1,0,24
BRDA:11,2,0,8
BRDA:13,3,0,8
BRDA:14,4,0,8
BRDA:16,5,0,8
BRDA:18,6,0,0
BRF:7
BRH:6
end_of_record
TN:
SF:src/formatters/index.js
FN:11,getFormatter
FNF:1
FNH:1
FNDA:12,getFormatter
DA:1,1
DA:2,1
DA:3,1
DA:4,1
DA:5,1
DA:6,1
DA:7,1
DA:8,1
DA:9,1
DA:10,1
DA:11,1
DA:12,1
DA:13,1
LF:13
LH:13
BRDA:1,0,0,1
BRDA:11,1,0,12
BRF:2
BRH:2
end_of_record
TN:
SF:src/formatters/json-formatter.js
FN:1,json
FNF:1
FNH:1
FNDA:3,json
DA:1,1
DA:2,1
DA:3,1
LF:3
LH:3
BRDA:1,0,0,1
BRDA:1,1,0,3
BRF:2
BRH:2
end_of_record
TN:
SF:src/formatters/plain-formatter.js
FN:1,getValue
FN:13,render
FN:14,iter
FN:38,plain
FNF:4
FNH:4
FNDA:39,getValue
FNDA:12,render
FNDA:54,iter
FNDA:3,plain
DA:1,1
DA:2,39
DA:3,39
DA:4,9
DA:5,9
DA:6,30
DA:7,39
DA:8,21
DA:9,21
DA:10,9
DA:11,1
DA:12,1
DA:13,1
DA:14,12
DA:15,54
DA:16,54
DA:17,54
DA:18,54
DA:19,54
DA:20,54
DA:21,54
DA:22,12
DA:23,12
DA:24,54
DA:25,12
DA:26,12
DA:27,54
DA:28,15
DA:29,15
DA:30,54
DA:31,6
DA:32,6
DA:33,9
DA:34,12
DA:35,12
DA:36,1
DA:37,1
DA:38,1
DA:39,3
DA:40,3
DA:41,1
DA:42,1
DA:43,1
LF:43
LH:43
BRDA:1,0,0,1
BRDA:1,1,0,39
BRDA:2,2,0,36
BRDA:3,3,0,33
BRDA:3,4,0,30
BRDA:3,5,0,9
BRDA:5,6,0,30
BRDA:7,7,0,21
BRDA:9,8,0,9
BRDA:13,9,0,12
BRDA:14,10,0,54
BRDA:21,11,0,21
BRDA:21,12,0,12
BRDA:23,13,0,42
BRDA:24,14,0,12
BRDA:26,15,0,30
BRDA:27,16,0,15
BRDA:30,17,0,6
BRDA:32,18,0,9
BRDA:22,19,0,42
BRDA:38,20,0,3
BRDA:39,21,0,12
BRF:22
BRH:22
end_of_record
TN:
SF:src/formatters/stylish-formatter.js
FN:1,getOperator
FN:14,stringify
FN:28,stringifyValue
FN:37,singleValueFormattedStr
FN:46,stylishSingleKeyDiff
FN:62,stylish
FNF:6
FNH:6
FNDA:108,getOperator
FNDA:42,stringify
FNDA:108,stringifyValue
FNDA:108,singleValueFormattedStr
FNDA:108,stylishSingleKeyDiff
FNDA:6,stylish
DA:1,1
DA:2,108
DA:3,54
DA:4,54
DA:5,108
DA:6,36
DA:7,36
DA:8,18
DA:9,18
DA:10,18
DA:11,0
DA:12,1
DA:13,1
DA:14,1
DA:15,42
DA:16,42
DA:17,42
DA:18,42
DA:19,54
DA:20,54
DA:21,18
DA:22,18
DA:23,36
DA:24,42
DA:25,42
DA:26,1
DA:27,1
DA:28,1
DA:29,108
DA:30,108
DA:31,108
DA:32,84
DA:33,84
DA:34,24
DA:35,1
DA:36,1
DA:37,1
DA:38,108
DA:39,108
DA:40,108
DA:41,108
DA:42,108
DA:43,108
DA:44,1
DA:45,1
DA:46,1
DA:47,108
DA:48,108
DA:49,108
DA:50,108
DA:51,108
DA:52,108
DA:53,108
DA:54,24
DA:55,24
DA:56,108
DA:57,24
DA:58,24
DA:59,60
DA:60,1
DA:61,1
DA:62,1
DA:63,6
DA:64,6
DA:65,1
DA:66,1
DA:67,1
LF:67
LH:66
BRDA:1,0,0,1
BRDA:1,1,0,108
BRDA:2,2,0,54
BRDA:5,3,0,36
BRDA:7,4,0,18
BRDA:10,5,0,0
BRDA:14,6,0,42
BRDA:18,7,0,54
BRDA:20,8,0,18
BRDA:22,9,0,36
BRDA:28,10,0,108
BRDA:31,11,0,30
BRDA:31,12,0,84
BRDA:33,13,0,24
BRDA:37,14,0,108
BRDA:46,15,0,108
BRDA:53,16,0,42
BRDA:53,17,0,24
BRDA:55,18,0,84
BRDA:56,19,0,24
BRDA:58,20,0,60
BRDA:54,21,0,84
BRDA:62,22,0,6
BRDA:63,23,0,24
BRF:24
BRH:23
end_of_record
